2020-04-19 11:15:26,140 my_logger    ERROR    User not found by session
2020-04-19 15:37:20,775 my_logger    ERROR    User not found by session
2020-04-19 15:37:33,830 my_logger    ERROR    User not found by session
2020-04-19 16:24:23,987 my_logger    ERROR    User not found by session
2020-04-19 17:02:01,669 my_logger    ERROR    User not found by session
2020-04-19 17:02:03,420 my_logger    ERROR    User not found by session
2020-04-19 18:05:13,842 my_logger    INFO     Try to create new url
2020-04-19 18:05:17,371 my_logger    ERROR    User not found by session
2020-04-19 18:05:23,876 my_logger    INFO     Trying to get all urls
2020-04-19 18:21:36,254 my_logger    INFO     Trying to get all urls
2020-04-19 18:21:50,405 my_logger    INFO     Trying to get all urls
2020-04-19 18:22:38,237 my_logger    INFO     Trying to get all urls
2020-04-19 18:52:34,151 my_logger    INFO     Trying to get all urls
2020-04-19 18:53:00,316 my_logger    INFO     Trying to get all urls
2020-04-19 18:53:10,627 my_logger    INFO     Trying to get all urls
2020-04-19 18:54:16,744 my_logger    INFO     Trying to get all urls
2020-04-19 18:56:06,667 my_logger    INFO     Trying to get all urls
2020-04-19 18:57:08,236 my_logger    INFO     Trying to get all urls
2020-04-19 18:57:21,916 my_logger    INFO     Trying to get all urls
2020-04-19 18:57:22,864 my_logger    INFO     Trying to get all urls
2020-04-19 18:57:23,093 my_logger    INFO     Trying to get all urls
2020-04-19 18:57:23,269 my_logger    INFO     Trying to get all urls
2020-04-19 18:57:23,441 my_logger    INFO     Trying to get all urls
2020-04-19 18:57:23,622 my_logger    INFO     Trying to get all urls
2020-04-19 18:57:55,951 my_logger    INFO     Trying to get all urls
2020-04-19 18:59:58,968 my_logger    INFO     Trying to get all urls
2020-04-19 19:01:16,494 my_logger    INFO     Trying to get all urls
2020-04-19 19:02:20,355 my_logger    INFO     Trying to get all urls
2020-04-19 19:13:14,110 my_logger    INFO     Trying to get all urls
2020-04-19 19:19:01,066 my_logger    INFO     Trying to get all urls
2020-04-19 19:19:10,185 my_logger    INFO     Trying to get all urls
2020-04-19 19:23:42,108 my_logger    INFO     Trying to get all urls
2020-04-19 19:23:50,026 my_logger    INFO     Trying to get all urls
2020-04-19 19:28:03,577 my_logger    INFO     Trying to get all urls
2020-04-19 19:28:14,620 my_logger    INFO     Trying to get all urls
2020-04-19 19:29:35,530 my_logger    INFO     Trying to get all urls
2020-04-19 19:29:39,697 my_logger    INFO     Trying to get all urls
2020-04-19 19:29:50,486 my_logger    INFO     Trying to get all urls
2020-04-19 19:29:55,149 my_logger    INFO     Trying to get all urls
2020-04-19 19:30:17,310 my_logger    INFO     Trying to get all urls
2020-04-19 19:30:52,534 my_logger    INFO     Trying to get all urls
2020-04-19 19:56:06,874 my_logger    INFO     Trying to get all urls
2020-04-19 19:58:31,574 my_logger    INFO     Trying to get all urls
2020-04-19 19:59:04,307 my_logger    INFO     Trying to get all urls
2020-04-19 20:00:21,452 my_logger    INFO     Trying to get all urls
2020-04-19 20:02:01,004 my_logger    INFO     Trying to get all urls
2020-04-19 20:02:44,277 my_logger    INFO     Trying to get all urls
2020-04-19 20:03:12,944 my_logger    INFO     Trying to get all urls
2020-04-19 20:04:10,095 my_logger    INFO     Trying to get all urls
2020-04-19 20:05:05,880 my_logger    INFO     Trying to get all urls
2020-04-19 20:06:55,274 my_logger    INFO     Trying to get all urls
2020-04-19 20:11:48,668 my_logger    INFO     Trying to get all urls
2020-04-19 20:13:13,946 my_logger    INFO     Trying to get all urls
2020-04-19 20:13:29,619 my_logger    INFO     Trying to get all urls
2020-04-19 20:14:01,406 my_logger    INFO     Trying to get all urls
2020-04-19 20:15:44,477 my_logger    INFO     Trying to get all urls
2020-04-19 20:16:22,373 my_logger    INFO     Trying to get all urls
2020-04-19 20:20:49,169 my_logger    INFO     Trying to get all urls
2020-04-19 20:22:11,077 my_logger    INFO     Trying to get all urls
2020-04-19 20:23:03,787 my_logger    INFO     Trying to get all urls
2020-04-19 20:23:22,384 my_logger    INFO     Trying to get all urls
2020-04-19 20:23:37,702 my_logger    INFO     Trying to get all urls
2020-04-19 20:23:55,235 my_logger    INFO     Trying to get all urls
2020-04-19 20:23:59,983 my_logger    INFO     Trying to get all urls
2020-04-19 20:25:17,622 my_logger    INFO     Trying to get all urls
2020-04-19 20:25:42,382 my_logger    INFO     Trying to get all urls
2020-04-19 20:25:57,427 my_logger    INFO     Trying to get all urls
2020-04-19 20:26:10,655 my_logger    INFO     Trying to get all urls
2020-04-19 20:26:50,510 my_logger    INFO     Trying to get all urls
2020-04-19 20:30:52,873 my_logger    INFO     Trying to get all urls
2020-04-19 20:31:10,411 my_logger    INFO     Trying to get all urls
2020-04-19 20:50:05,279 my_logger    INFO     Trying to get all urls
2020-04-19 20:50:11,535 my_logger    INFO     Trying to get all urls
2020-04-19 20:54:16,891 my_logger    INFO     Trying to get all urls
2020-04-19 21:01:06,048 my_logger    INFO     Trying to get all urls
2020-04-19 22:03:23,228 my_logger    ERROR    (1146, "Table 'short_urls.User_user' doesn't exist")
2020-04-19 22:04:10,287 my_logger    ERROR    User not found by session
2020-04-19 22:15:16,669 my_logger    ERROR    User not found by session
2020-04-19 22:16:25,035 my_logger    ERROR    User not found by session
2020-04-19 22:17:03,435 my_logger    INFO     Try to create new url
2020-04-19 22:17:06,490 my_logger    ERROR    User not found by session
2020-04-19 22:18:23,109 my_logger    INFO     Trying to get all urls
2020-04-19 22:19:16,551 my_logger    INFO     Trying to get all urls
2020-04-19 22:19:56,434 my_logger    ERROR    User not found by session
2020-04-19 22:21:13,716 my_logger    INFO     Trying to get all urls
2020-04-19 22:24:07,738 my_logger    INFO     Trying to get all urls
2020-04-19 22:27:26,749 my_logger    INFO     Trying to get all urls
2020-04-19 22:30:23,413 my_logger    INFO     Trying to get all urls
2020-04-20 05:27:53,721 my_logger    INFO     Trying to get all urls
2020-04-20 05:28:26,521 my_logger    INFO     Trying to get all urls
2020-04-20 05:36:10,443 my_logger    INFO     Trying to get all urls
2020-04-20 05:52:50,634 my_logger    INFO     Trying to get all urls
2020-04-20 06:02:24,339 my_logger    INFO     Trying to get all urls
2020-04-20 06:02:32,592 my_logger    INFO     Trying to get all urls
2020-04-20 06:03:43,935 my_logger    INFO     Trying to get all urls
2020-04-20 06:04:04,645 my_logger    INFO     Trying to get all urls
2020-04-20 06:04:05,276 my_logger    INFO     Trying to get all urls
2020-04-20 06:04:05,896 my_logger    INFO     Trying to get all urls
2020-04-20 06:04:06,561 my_logger    INFO     Trying to get all urls
2020-04-20 06:04:07,093 my_logger    INFO     Trying to get all urls
2020-04-20 06:04:07,633 my_logger    INFO     Trying to get all urls
2020-04-20 06:04:08,152 my_logger    INFO     Trying to get all urls
2020-04-20 06:04:11,552 my_logger    INFO     Trying to get all urls
2020-04-20 06:04:12,492 my_logger    INFO     Trying to get all urls
2020-04-20 06:04:13,612 my_logger    INFO     Trying to get all urls
2020-04-20 06:04:14,289 my_logger    INFO     Trying to get all urls
2020-04-20 06:04:14,859 my_logger    INFO     Trying to get all urls
2020-04-20 06:04:15,405 my_logger    INFO     Trying to get all urls
2020-04-20 06:04:25,991 my_logger    INFO     Trying to get all urls
2020-04-20 06:05:13,399 my_logger    INFO     Trying to get all urls
2020-04-20 06:05:13,761 my_logger    INFO     Trying to get all urls
2020-04-20 06:05:27,118 my_logger    INFO     Trying to get all urls
2020-04-20 06:10:06,916 my_logger    INFO     Trying to get all urls
2020-04-20 06:10:48,193 my_logger    INFO     Trying to get all urls
2020-04-20 06:11:35,264 my_logger    INFO     Trying to get all urls
2020-04-20 06:11:50,920 my_logger    INFO     Trying to get all urls
2020-04-20 06:12:01,347 my_logger    INFO     Trying to get all urls
2020-04-20 06:12:02,372 my_logger    INFO     Trying to get all urls
2020-04-20 06:12:03,165 my_logger    INFO     Trying to get all urls
2020-04-20 06:12:13,440 my_logger    INFO     Trying to get all urls
2020-04-20 06:12:17,767 my_logger    INFO     Trying to get all urls
2020-04-20 06:12:32,841 my_logger    INFO     Trying to get all urls
2020-04-20 06:12:47,994 my_logger    INFO     Trying to get all urls
2020-04-20 06:15:38,056 my_logger    INFO     Trying to get all urls
2020-04-20 06:15:38,889 my_logger    INFO     Trying to get all urls
2020-04-20 06:15:39,565 my_logger    INFO     Trying to get all urls
2020-04-20 06:15:40,263 my_logger    INFO     Trying to get all urls
2020-04-20 06:15:40,916 my_logger    INFO     Trying to get all urls
2020-04-20 06:15:42,677 my_logger    INFO     Trying to get all urls
2020-04-20 06:15:43,189 my_logger    INFO     Trying to get all urls
2020-04-20 06:16:10,329 my_logger    INFO     Trying to get all urls
2020-04-20 06:17:19,228 my_logger    INFO     Trying to get all urls
2020-04-20 06:22:02,306 my_logger    INFO     Trying to get all urls
2020-04-20 06:22:35,425 my_logger    INFO     Trying to get all urls
2020-04-20 06:22:38,657 my_logger    INFO     Try to create new url
2020-04-20 06:22:46,102 my_logger    INFO     Try to create new url
2020-04-20 06:22:48,734 my_logger    INFO     Trying to get all urls
2020-04-20 06:22:50,129 my_logger    INFO     Trying to get all urls
2020-04-20 06:23:50,610 my_logger    INFO     Trying to get all urls
2020-04-20 06:23:54,324 my_logger    INFO     Try to create new url
2020-04-20 06:23:57,838 my_logger    INFO     Trying to get all urls
2020-04-20 06:29:07,565 my_logger    INFO     Trying to get all urls
2020-04-20 06:34:20,196 my_logger    INFO     Try to create new url
2020-04-20 06:34:20,198 my_logger    ERROR    type object 'HttpRequest' has no attribute 'session'
2020-04-20 06:34:30,154 my_logger    INFO     Trying to get all urls
2020-04-20 06:35:44,791 my_logger    INFO     Trying to get all urls
2020-04-20 06:35:46,105 my_logger    INFO     Try to create new url
2020-04-20 06:35:46,109 my_logger    ERROR    type object 'HttpRequest' has no attribute 'session'
2020-04-20 06:36:01,567 my_logger    INFO     Trying to get all urls
2020-04-20 06:36:33,681 my_logger    INFO     Try to create new url
2020-04-20 06:36:33,685 my_logger    ERROR    type object 'HttpRequest' has no attribute 'session'
2020-04-20 06:37:43,652 my_logger    INFO     Try to create new url
2020-04-20 06:37:43,655 my_logger    ERROR    type object 'HttpRequest' has no attribute 'session'
2020-04-20 06:38:31,204 my_logger    INFO     Try to create new url
2020-04-20 06:38:31,206 my_logger    ERROR    type object 'HttpRequest' has no attribute 'session'
2020-04-20 06:39:11,627 my_logger    INFO     Trying to get all urls
2020-04-20 06:39:17,093 my_logger    INFO     Try to create new url
2020-04-20 06:39:17,095 my_logger    ERROR    type object 'HttpRequest' has no attribute 'session'
2020-04-20 06:39:48,417 my_logger    INFO     Try to create new url
2020-04-20 06:39:58,371 my_logger    INFO     Trying to get all urls
2020-04-20 06:42:42,009 my_logger    INFO     Trying to get all urls
2020-04-20 06:42:43,102 my_logger    INFO     Trying to get all urls
2020-04-20 06:42:44,071 my_logger    INFO     Trying to get all urls
2020-04-20 06:42:44,704 my_logger    INFO     Trying to get all urls
2020-04-20 06:42:45,354 my_logger    INFO     Trying to get all urls
2020-04-20 06:42:46,831 my_logger    INFO     Trying to get all urls
2020-04-20 06:42:47,455 my_logger    INFO     Trying to get all urls
2020-04-20 06:43:03,102 my_logger    INFO     Trying to get all urls
2020-04-20 06:43:07,025 my_logger    INFO     Trying to get all urls
2020-04-20 06:43:08,382 my_logger    INFO     Trying to get all urls
2020-04-20 06:43:09,042 my_logger    INFO     Trying to get all urls
2020-04-20 06:49:39,381 my_logger    INFO     Trying to get all urls
2020-04-20 06:49:48,157 my_logger    INFO     Trying to get all urls
2020-04-20 06:49:48,994 my_logger    INFO     Trying to get all urls
2020-04-20 06:49:49,647 my_logger    INFO     Trying to get all urls
2020-04-20 06:49:50,195 my_logger    INFO     Trying to get all urls
2020-04-20 06:49:50,801 my_logger    INFO     Trying to get all urls
2020-04-20 06:49:54,466 my_logger    INFO     Trying to get all urls
2020-04-20 06:49:55,067 my_logger    INFO     Trying to get all urls
2020-04-20 06:49:55,628 my_logger    INFO     Trying to get all urls
2020-04-20 06:49:56,120 my_logger    INFO     Trying to get all urls
2020-04-20 06:49:59,670 my_logger    INFO     Trying to get all urls
2020-04-20 06:50:11,695 my_logger    INFO     Trying to get all urls
2020-04-20 06:50:13,443 my_logger    INFO     Trying to get all urls
2020-04-20 06:50:14,370 my_logger    INFO     Trying to get all urls
2020-04-20 06:50:14,908 my_logger    INFO     Trying to get all urls
2020-04-20 06:50:15,171 my_logger    INFO     Trying to get all urls
2020-04-20 06:50:28,497 my_logger    INFO     Trying to get all urls
2020-04-20 06:53:22,821 my_logger    INFO     Trying to get all urls
2020-04-20 06:53:24,015 my_logger    INFO     Trying to get all urls
2020-04-20 06:53:24,729 my_logger    INFO     Trying to get all urls
2020-04-20 06:53:41,253 my_logger    INFO     Trying to get all urls
2020-04-20 06:53:41,959 my_logger    INFO     Trying to get all urls
2020-04-20 06:53:42,467 my_logger    INFO     Trying to get all urls
2020-04-20 06:53:43,529 my_logger    INFO     Trying to get all urls
2020-04-20 06:53:44,145 my_logger    INFO     Trying to get all urls
2020-04-20 06:53:48,272 my_logger    INFO     Trying to get all urls
2020-04-20 06:53:49,033 my_logger    INFO     Trying to get all urls
2020-04-20 06:53:49,641 my_logger    INFO     Trying to get all urls
2020-04-20 06:53:50,261 my_logger    INFO     Trying to get all urls
2020-04-20 06:53:50,890 my_logger    INFO     Trying to get all urls
2020-04-20 06:53:58,513 my_logger    INFO     Trying to get all urls
2020-04-20 06:53:59,140 my_logger    INFO     Trying to get all urls
2020-04-20 06:53:59,791 my_logger    INFO     Trying to get all urls
2020-04-20 06:54:00,388 my_logger    INFO     Trying to get all urls
2020-04-20 06:54:01,027 my_logger    INFO     Trying to get all urls
2020-04-20 06:54:01,611 my_logger    INFO     Trying to get all urls
2020-04-20 06:54:02,628 my_logger    INFO     Trying to get all urls
2020-04-20 06:54:02,878 my_logger    INFO     Trying to get all urls
2020-04-20 06:54:03,448 my_logger    INFO     Trying to get all urls
2020-04-20 06:54:10,827 my_logger    INFO     Trying to get all urls
2020-04-20 06:54:13,826 my_logger    INFO     Trying to get all urls
2020-04-20 06:54:14,301 my_logger    INFO     Trying to get all urls
2020-04-20 06:54:31,352 my_logger    INFO     Trying to get all urls
2020-04-20 06:54:32,560 my_logger    INFO     Trying to get all urls
2020-04-20 06:54:33,084 my_logger    INFO     Trying to get all urls
2020-04-20 06:54:41,877 my_logger    INFO     Trying to get all urls
2020-04-20 06:54:42,163 my_logger    INFO     Trying to get all urls
2020-04-20 06:54:42,713 my_logger    INFO     Trying to get all urls
2020-04-20 06:54:58,834 my_logger    INFO     Trying to get all urls
2020-04-20 06:54:59,573 my_logger    INFO     Trying to get all urls
2020-04-20 06:55:02,851 my_logger    INFO     Trying to get all urls
2020-04-20 06:55:03,553 my_logger    INFO     Trying to get all urls
2020-04-20 06:55:04,230 my_logger    INFO     Trying to get all urls
2020-04-20 07:01:38,028 my_logger    INFO     Trying to get all urls
2020-04-20 07:09:12,700 my_logger    INFO     Trying to get all urls
2020-04-20 07:13:12,428 my_logger    INFO     Trying to get all urls
2020-04-20 07:15:09,963 my_logger    ERROR    User not found by session
2020-04-20 07:15:17,534 my_logger    ERROR    User not found by session
2020-04-20 07:15:29,353 my_logger    INFO     Try to create new url
2020-04-20 07:15:29,359 my_logger    ERROR    {'session': [ErrorDetail(string='Это поле обязательно.', code='required')]}
2020-04-20 07:15:37,136 my_logger    INFO     Try to create new url
2020-04-20 07:15:37,140 my_logger    ERROR    {'session': [ErrorDetail(string='Это поле обязательно.', code='required')]}
2020-04-20 07:15:39,536 my_logger    INFO     Try to create new url
2020-04-20 07:15:39,538 my_logger    ERROR    {'session': [ErrorDetail(string='Это поле обязательно.', code='required')]}
2020-04-20 07:15:45,007 my_logger    ERROR    User not found by session
2020-04-20 07:15:56,765 my_logger    INFO     Try to create new url
2020-04-20 07:15:56,767 my_logger    ERROR    {'session': [ErrorDetail(string='Это поле обязательно.', code='required')]}
2020-04-20 07:17:04,163 my_logger    ERROR    User not found by session
2020-04-20 07:17:10,792 my_logger    INFO     Try to create new url
2020-04-20 07:17:30,390 my_logger    INFO     Trying to get all urls
2020-04-20 07:17:34,281 my_logger    INFO     Try to create new url
2020-04-20 07:17:37,242 my_logger    INFO     Trying to get all urls
2020-04-20 07:18:23,881 my_logger    INFO     Trying to get all urls
2020-04-20 07:18:27,268 my_logger    INFO     Try to create new url
2020-04-20 07:20:41,475 my_logger    INFO     Trying to get all urls
2020-04-20 07:20:52,757 my_logger    INFO     Trying to get all urls
2020-04-20 07:21:15,369 my_logger    INFO     Trying to get all urls
2020-04-20 07:21:25,155 my_logger    INFO     Try to create new url
2020-04-20 07:21:29,235 my_logger    INFO     Trying to get all urls
2020-04-20 07:21:36,416 my_logger    INFO     Trying to get all urls
2020-04-20 07:21:41,460 my_logger    INFO     Try to create new url
2020-04-20 07:22:35,692 my_logger    INFO     Trying to get all urls
2020-04-20 07:22:39,858 my_logger    INFO     Try to create new url
